{
    "test_num": 23,
    "errors": [
        {
            "module": "DemoTest",
            "error_type": "test_case",
            "case_name": "test_demo",
            "exception": "Traceback (most recent call last):\n  File \"C:\\Users\\Mandy\\AppData\\Local\\Programs\\Python\\Python313\\Lib\\site-packages\\minium\\framework\\libs\\unittest\\case.py\", line 43, in testPartExecutor\n    yield\n  File \"C:\\Users\\Mandy\\AppData\\Local\\Programs\\Python\\Python313\\Lib\\site-packages\\minium\\framework\\libs\\unittest\\case.py\", line 125, in run\n    self._callTestMethod(testMethod)\n    ~~~~~~~~~~~~~~~~~~~~^^^^^^^^^^^^\n  File \"C:\\Users\\Mandy\\AppData\\Local\\Programs\\Python\\Python313\\Lib\\site-packages\\minium\\framework\\minitest.py\", line 789, in _callTestMethod\n    method()\n    ~~~~~~^^\n  File \"D:\\FreeTrust\\FreeU_WX_Minium\\test\\test_demo.py\", line 35, in test_demo\n    create_btn = self.page.get_element(home_user_schedule_create_btn_element, max_timeout=max_timeout)\n  File \"C:\\Users\\Mandy\\AppData\\Local\\Programs\\Python\\Python313\\Lib\\site-packages\\minium\\miniprogram\\base_driver\\app.py\", line 291, in wrapper\n    return func(*args, **kwargs)\n  File \"C:\\Users\\Mandy\\AppData\\Local\\Programs\\Python\\Python313\\Lib\\site-packages\\minium\\miniprogram\\base_driver\\minium_log.py\", line 148, in wrapper\n    result = func(*args, **kwargs)\n  File \"C:\\Users\\Mandy\\AppData\\Local\\Programs\\Python\\Python313\\Lib\\site-packages\\minium\\miniprogram\\base_driver\\page\\page.py\", line 375, in get_element\n    raise MiniElementNotFoundError(_selector)\nminium.framework.exception.MiniElementNotFoundError: element[image[src='https://obs.freeuuu.com/public/freeu-card/new-tabs/publish-btn.png']] not found\n"
        },
        {
            "module": "DemoTest",
            "error_type": "test_case",
            "case_name": "test_demo",
            "exception": "Traceback (most recent call last):\n  File \"C:\\Users\\Mandy\\AppData\\Local\\Programs\\Python\\Python313\\Lib\\site-packages\\minium\\framework\\libs\\unittest\\case.py\", line 43, in testPartExecutor\n    yield\n  File \"C:\\Users\\Mandy\\AppData\\Local\\Programs\\Python\\Python313\\Lib\\site-packages\\minium\\framework\\libs\\unittest\\case.py\", line 125, in run\n    self._callTestMethod(testMethod)\n    ~~~~~~~~~~~~~~~~~~~~^^^^^^^^^^^^\n  File \"C:\\Users\\Mandy\\AppData\\Local\\Programs\\Python\\Python313\\Lib\\site-packages\\minium\\framework\\minitest.py\", line 789, in _callTestMethod\n    method()\n    ~~~~~~^^\n  File \"D:\\FreeTrust\\FreeU_WX_Minium\\test\\test_demo.py\", line 35, in test_demo\n    create_btn = self.page.get_element(home_user_schedule_create_btn_element, max_timeout=max_timeout)\n  File \"C:\\Users\\Mandy\\AppData\\Local\\Programs\\Python\\Python313\\Lib\\site-packages\\minium\\miniprogram\\base_driver\\app.py\", line 291, in wrapper\n    return func(*args, **kwargs)\n  File \"C:\\Users\\Mandy\\AppData\\Local\\Programs\\Python\\Python313\\Lib\\site-packages\\minium\\miniprogram\\base_driver\\minium_log.py\", line 148, in wrapper\n    result = func(*args, **kwargs)\n  File \"C:\\Users\\Mandy\\AppData\\Local\\Programs\\Python\\Python313\\Lib\\site-packages\\minium\\miniprogram\\base_driver\\page\\page.py\", line 375, in get_element\n    raise MiniElementNotFoundError(_selector)\nminium.framework.exception.MiniElementNotFoundError: element[image[src='https://obs.freeuuu.com/public/freeu-card/new-tabs/publish-btn.png']] not found\n"
        }
    ],
    "failures": [
        {
            "module": "MyTest",
            "error_type": "test_case",
            "case_name": "test_my_mood_card",
            "exception": "Traceback (most recent call last):\n  File \"C:\\Users\\Mandy\\AppData\\Local\\Programs\\Python\\Python313\\Lib\\site-packages\\minium\\framework\\libs\\unittest\\case.py\", line 43, in testPartExecutor\n    yield\n  File \"C:\\Users\\Mandy\\AppData\\Local\\Programs\\Python\\Python313\\Lib\\site-packages\\minium\\framework\\libs\\unittest\\case.py\", line 125, in run\n    self._callTestMethod(testMethod)\n    ~~~~~~~~~~~~~~~~~~~~^^^^^^^^^^^^\n  File \"C:\\Users\\Mandy\\AppData\\Local\\Programs\\Python\\Python313\\Lib\\site-packages\\minium\\framework\\minitest.py\", line 789, in _callTestMethod\n    method()\n    ~~~~~~^^\n  File \"D:\\FreeTrust\\FreeU_WX_Minium\\test\\test_my_page.py\", line 46, in test_my_mood_card\n    assert len(mood_swiper_list) == 3,f\"\u5fc3\u60c5\u540d\u7247\u6570\u91cf !=3\uff0c\u8bf7\u624b\u52a8\u68c0\u67e5\"\n           ^^^^^^^^^^^^^^^^^^^^^^^^^^\nAssertionError: \u5fc3\u60c5\u540d\u7247\u6570\u91cf !=3\uff0c\u8bf7\u624b\u52a8\u68c0\u67e5\n"
        },
        {
            "module": "MyTest",
            "error_type": "test_case",
            "case_name": "test_my_mood_card",
            "exception": "Traceback (most recent call last):\n  File \"C:\\Users\\Mandy\\AppData\\Local\\Programs\\Python\\Python313\\Lib\\site-packages\\minium\\framework\\libs\\unittest\\case.py\", line 43, in testPartExecutor\n    yield\n  File \"C:\\Users\\Mandy\\AppData\\Local\\Programs\\Python\\Python313\\Lib\\site-packages\\minium\\framework\\libs\\unittest\\case.py\", line 125, in run\n    self._callTestMethod(testMethod)\n    ~~~~~~~~~~~~~~~~~~~~^^^^^^^^^^^^\n  File \"C:\\Users\\Mandy\\AppData\\Local\\Programs\\Python\\Python313\\Lib\\site-packages\\minium\\framework\\minitest.py\", line 789, in _callTestMethod\n    method()\n    ~~~~~~^^\n  File \"D:\\FreeTrust\\FreeU_WX_Minium\\test\\test_my_page.py\", line 46, in test_my_mood_card\n    assert len(mood_swiper_list) == 3,f\"\u5fc3\u60c5\u540d\u7247\u6570\u91cf !=3\uff0c\u8bf7\u624b\u52a8\u68c0\u67e5\"\n           ^^^^^^^^^^^^^^^^^^^^^^^^^^\nAssertionError: \u5fc3\u60c5\u540d\u7247\u6570\u91cf !=3\uff0c\u8bf7\u624b\u52a8\u68c0\u67e5\n"
        }
    ],
    "class_errors": [],
    "class_failures": []
}