{
    "test_num": 20,
    "errors": [
        {
            "module": "DynamicTest",
            "error_type": "test_case",
            "case_name": "test_business_comment",
            "exception": "Traceback (most recent call last):\n  File \"C:\\Users\\Mandy\\AppData\\Local\\Programs\\Python\\Python313\\Lib\\site-packages\\minium\\framework\\libs\\unittest\\case.py\", line 43, in testPartExecutor\n    yield\n  File \"C:\\Users\\Mandy\\AppData\\Local\\Programs\\Python\\Python313\\Lib\\site-packages\\minium\\framework\\libs\\unittest\\case.py\", line 125, in run\n    self._callTestMethod(testMethod)\n    ~~~~~~~~~~~~~~~~~~~~^^^^^^^^^^^^\n  File \"C:\\Users\\Mandy\\AppData\\Local\\Programs\\Python\\Python313\\Lib\\site-packages\\minium\\framework\\minitest.py\", line 789, in _callTestMethod\n    method()\n    ~~~~~~^^\n  File \"D:\\FreeTrust\\FreeU_WX_Minium\\test\\test_find_page.py\", line 925, in test_business_comment\n    business_list_one = self.page.get_element(business_list_one_element, max_timeout=max_timeout)\n  File \"C:\\Users\\Mandy\\AppData\\Local\\Programs\\Python\\Python313\\Lib\\site-packages\\minium\\miniprogram\\base_driver\\app.py\", line 291, in wrapper\n    return func(*args, **kwargs)\n  File \"C:\\Users\\Mandy\\AppData\\Local\\Programs\\Python\\Python313\\Lib\\site-packages\\minium\\miniprogram\\base_driver\\minium_log.py\", line 148, in wrapper\n    result = func(*args, **kwargs)\n  File \"C:\\Users\\Mandy\\AppData\\Local\\Programs\\Python\\Python313\\Lib\\site-packages\\minium\\miniprogram\\base_driver\\page\\page.py\", line 363, in get_element\n    return self.get_element_by_xpath(\n           ~~~~~~~~~~~~~~~~~~~~~~~~~^\n        _selector,\n        ^^^^^^^^^^\n        max_timeout=max_timeout,\n        ^^^^^^^^^^^^^^^^^^^^^^^^\n        auto_fix=auto_fix\n        ^^^^^^^^^^^^^^^^^\n    )\n    ^\n  File \"C:\\Users\\Mandy\\AppData\\Local\\Programs\\Python\\Python313\\Lib\\site-packages\\minium\\miniprogram\\base_driver\\minium_log.py\", line 148, in wrapper\n    result = func(*args, **kwargs)\n  File \"C:\\Users\\Mandy\\AppData\\Local\\Programs\\Python\\Python313\\Lib\\site-packages\\minium\\miniprogram\\base_driver\\page\\page.py\", line 613, in get_element_by_xpath\n    raise MiniElementNotFoundError(_selector)\nminium.framework.exception.MiniElementNotFoundError: element[/view/scroll-view/view/view[3]/view[1]/view[2]/view[2]/view/view[1]/view[3]/view[2]/view[1]] not found\n"
        },
        {
            "module": "DynamicTest",
            "error_type": "test_case",
            "case_name": "test_business_like_collect",
            "exception": "Traceback (most recent call last):\n  File \"C:\\Users\\Mandy\\AppData\\Local\\Programs\\Python\\Python313\\Lib\\site-packages\\minium\\framework\\libs\\unittest\\case.py\", line 43, in testPartExecutor\n    yield\n  File \"C:\\Users\\Mandy\\AppData\\Local\\Programs\\Python\\Python313\\Lib\\site-packages\\minium\\framework\\libs\\unittest\\case.py\", line 125, in run\n    self._callTestMethod(testMethod)\n    ~~~~~~~~~~~~~~~~~~~~^^^^^^^^^^^^\n  File \"C:\\Users\\Mandy\\AppData\\Local\\Programs\\Python\\Python313\\Lib\\site-packages\\minium\\framework\\minitest.py\", line 789, in _callTestMethod\n    method()\n    ~~~~~~^^\n  File \"D:\\FreeTrust\\FreeU_WX_Minium\\test\\test_find_page.py\", line 763, in test_business_like_collect\n    business_list_one = self.page.get_element(business_list_one_element, max_timeout=max_timeout)\n  File \"C:\\Users\\Mandy\\AppData\\Local\\Programs\\Python\\Python313\\Lib\\site-packages\\minium\\miniprogram\\base_driver\\app.py\", line 291, in wrapper\n    return func(*args, **kwargs)\n  File \"C:\\Users\\Mandy\\AppData\\Local\\Programs\\Python\\Python313\\Lib\\site-packages\\minium\\miniprogram\\base_driver\\minium_log.py\", line 148, in wrapper\n    result = func(*args, **kwargs)\n  File \"C:\\Users\\Mandy\\AppData\\Local\\Programs\\Python\\Python313\\Lib\\site-packages\\minium\\miniprogram\\base_driver\\page\\page.py\", line 363, in get_element\n    return self.get_element_by_xpath(\n           ~~~~~~~~~~~~~~~~~~~~~~~~~^\n        _selector,\n        ^^^^^^^^^^\n        max_timeout=max_timeout,\n        ^^^^^^^^^^^^^^^^^^^^^^^^\n        auto_fix=auto_fix\n        ^^^^^^^^^^^^^^^^^\n    )\n    ^\n  File \"C:\\Users\\Mandy\\AppData\\Local\\Programs\\Python\\Python313\\Lib\\site-packages\\minium\\miniprogram\\base_driver\\minium_log.py\", line 148, in wrapper\n    result = func(*args, **kwargs)\n  File \"C:\\Users\\Mandy\\AppData\\Local\\Programs\\Python\\Python313\\Lib\\site-packages\\minium\\miniprogram\\base_driver\\page\\page.py\", line 613, in get_element_by_xpath\n    raise MiniElementNotFoundError(_selector)\nminium.framework.exception.MiniElementNotFoundError: element[/view/scroll-view/view/view[3]/view[1]/view[2]/view[2]/view/view[1]/view[3]/view[2]/view[1]] not found\n"
        },
        {
            "module": "MyTest",
            "error_type": "test_case",
            "case_name": "test_my_credit_card",
            "exception": "Traceback (most recent call last):\n  File \"C:\\Users\\Mandy\\AppData\\Local\\Programs\\Python\\Python313\\Lib\\site-packages\\minium\\framework\\libs\\unittest\\case.py\", line 43, in testPartExecutor\n    yield\n  File \"C:\\Users\\Mandy\\AppData\\Local\\Programs\\Python\\Python313\\Lib\\site-packages\\minium\\framework\\libs\\unittest\\case.py\", line 125, in run\n    self._callTestMethod(testMethod)\n    ~~~~~~~~~~~~~~~~~~~~^^^^^^^^^^^^\n  File \"C:\\Users\\Mandy\\AppData\\Local\\Programs\\Python\\Python313\\Lib\\site-packages\\minium\\framework\\minitest.py\", line 789, in _callTestMethod\n    method()\n    ~~~~~~^^\n  File \"D:\\FreeTrust\\FreeU_WX_Minium\\test\\test_my_page.py\", line 114, in test_my_credit_card\n    h5_page.wait_for_selector(home_user_credit_search_element, timeout=max_timeout)\n    ~~~~~~~~~~~~~~~~~~~~~~~~~^^^^^^^^^^^^^^^^^^^^^^^^^^^^^^^^^^^^^^^^^^^^^^^^^^^^^^\n  File \"C:\\Users\\Mandy\\AppData\\Local\\Programs\\Python\\Python313\\Lib\\site-packages\\playwright\\sync_api\\_generated.py\", line 8213, in wait_for_selector\n    self._sync(\n    ~~~~~~~~~~^\n        self._impl_obj.wait_for_selector(\n        ^^^^^^^^^^^^^^^^^^^^^^^^^^^^^^^^^\n            selector=selector, timeout=timeout, state=state, strict=strict\n            ^^^^^^^^^^^^^^^^^^^^^^^^^^^^^^^^^^^^^^^^^^^^^^^^^^^^^^^^^^^^^^\n        )\n        ^\n    )\n    ^\n  File \"C:\\Users\\Mandy\\AppData\\Local\\Programs\\Python\\Python313\\Lib\\site-packages\\playwright\\_impl\\_sync_base.py\", line 115, in _sync\n    return task.result()\n           ~~~~~~~~~~~^^\n  File \"C:\\Users\\Mandy\\AppData\\Local\\Programs\\Python\\Python313\\Lib\\site-packages\\playwright\\_impl\\_page.py\", line 419, in wait_for_selector\n    return await self._main_frame.wait_for_selector(**locals_to_params(locals()))\n           ^^^^^^^^^^^^^^^^^^^^^^^^^^^^^^^^^^^^^^^^^^^^^^^^^^^^^^^^^^^^^^^^^^^^^^\n  File \"C:\\Users\\Mandy\\AppData\\Local\\Programs\\Python\\Python313\\Lib\\site-packages\\playwright\\_impl\\_frame.py\", line 369, in wait_for_selector\n    await self._channel.send(\n        \"waitForSelector\", self._timeout, locals_to_params(locals())\n    )\n  File \"C:\\Users\\Mandy\\AppData\\Local\\Programs\\Python\\Python313\\Lib\\site-packages\\playwright\\_impl\\_connection.py\", line 69, in send\n    return await self._connection.wrap_api_call(\n           ^^^^^^^^^^^^^^^^^^^^^^^^^^^^^^^^^^^^^\n    ...<3 lines>...\n    )\n    ^\n  File \"C:\\Users\\Mandy\\AppData\\Local\\Programs\\Python\\Python313\\Lib\\site-packages\\playwright\\_impl\\_connection.py\", line 559, in wrap_api_call\n    raise rewrite_error(error, f\"{parsed_st['apiName']}: {error}\") from None\nplaywright._impl._errors.TimeoutError: Page.wait_for_selector: Timeout 10ms exceeded.\nCall log:\n  - waiting for locator(\"uni-view[class='search-container']\") to be visible\n\n"
        },
        {
            "module": "DynamicTest",
            "error_type": "test_case",
            "case_name": "test_business_comment",
            "exception": "Traceback (most recent call last):\n  File \"C:\\Users\\Mandy\\AppData\\Local\\Programs\\Python\\Python313\\Lib\\site-packages\\minium\\framework\\libs\\unittest\\case.py\", line 43, in testPartExecutor\n    yield\n  File \"C:\\Users\\Mandy\\AppData\\Local\\Programs\\Python\\Python313\\Lib\\site-packages\\minium\\framework\\libs\\unittest\\case.py\", line 125, in run\n    self._callTestMethod(testMethod)\n    ~~~~~~~~~~~~~~~~~~~~^^^^^^^^^^^^\n  File \"C:\\Users\\Mandy\\AppData\\Local\\Programs\\Python\\Python313\\Lib\\site-packages\\minium\\framework\\minitest.py\", line 789, in _callTestMethod\n    method()\n    ~~~~~~^^\n  File \"D:\\FreeTrust\\FreeU_WX_Minium\\test\\test_find_page.py\", line 925, in test_business_comment\n    business_list_one = self.page.get_element(business_list_one_element, max_timeout=max_timeout)\n  File \"C:\\Users\\Mandy\\AppData\\Local\\Programs\\Python\\Python313\\Lib\\site-packages\\minium\\miniprogram\\base_driver\\app.py\", line 291, in wrapper\n    return func(*args, **kwargs)\n  File \"C:\\Users\\Mandy\\AppData\\Local\\Programs\\Python\\Python313\\Lib\\site-packages\\minium\\miniprogram\\base_driver\\minium_log.py\", line 148, in wrapper\n    result = func(*args, **kwargs)\n  File \"C:\\Users\\Mandy\\AppData\\Local\\Programs\\Python\\Python313\\Lib\\site-packages\\minium\\miniprogram\\base_driver\\page\\page.py\", line 363, in get_element\n    return self.get_element_by_xpath(\n           ~~~~~~~~~~~~~~~~~~~~~~~~~^\n        _selector,\n        ^^^^^^^^^^\n        max_timeout=max_timeout,\n        ^^^^^^^^^^^^^^^^^^^^^^^^\n        auto_fix=auto_fix\n        ^^^^^^^^^^^^^^^^^\n    )\n    ^\n  File \"C:\\Users\\Mandy\\AppData\\Local\\Programs\\Python\\Python313\\Lib\\site-packages\\minium\\miniprogram\\base_driver\\minium_log.py\", line 148, in wrapper\n    result = func(*args, **kwargs)\n  File \"C:\\Users\\Mandy\\AppData\\Local\\Programs\\Python\\Python313\\Lib\\site-packages\\minium\\miniprogram\\base_driver\\page\\page.py\", line 613, in get_element_by_xpath\n    raise MiniElementNotFoundError(_selector)\nminium.framework.exception.MiniElementNotFoundError: element[/view/scroll-view/view/view[3]/view[1]/view[2]/view[2]/view/view[1]/view[3]/view[2]/view[1]] not found\n"
        },
        {
            "module": "DynamicTest",
            "error_type": "test_case",
            "case_name": "test_business_like_collect",
            "exception": "Traceback (most recent call last):\n  File \"C:\\Users\\Mandy\\AppData\\Local\\Programs\\Python\\Python313\\Lib\\site-packages\\minium\\framework\\libs\\unittest\\case.py\", line 43, in testPartExecutor\n    yield\n  File \"C:\\Users\\Mandy\\AppData\\Local\\Programs\\Python\\Python313\\Lib\\site-packages\\minium\\framework\\libs\\unittest\\case.py\", line 125, in run\n    self._callTestMethod(testMethod)\n    ~~~~~~~~~~~~~~~~~~~~^^^^^^^^^^^^\n  File \"C:\\Users\\Mandy\\AppData\\Local\\Programs\\Python\\Python313\\Lib\\site-packages\\minium\\framework\\minitest.py\", line 789, in _callTestMethod\n    method()\n    ~~~~~~^^\n  File \"D:\\FreeTrust\\FreeU_WX_Minium\\test\\test_find_page.py\", line 763, in test_business_like_collect\n    business_list_one = self.page.get_element(business_list_one_element, max_timeout=max_timeout)\n  File \"C:\\Users\\Mandy\\AppData\\Local\\Programs\\Python\\Python313\\Lib\\site-packages\\minium\\miniprogram\\base_driver\\app.py\", line 291, in wrapper\n    return func(*args, **kwargs)\n  File \"C:\\Users\\Mandy\\AppData\\Local\\Programs\\Python\\Python313\\Lib\\site-packages\\minium\\miniprogram\\base_driver\\minium_log.py\", line 148, in wrapper\n    result = func(*args, **kwargs)\n  File \"C:\\Users\\Mandy\\AppData\\Local\\Programs\\Python\\Python313\\Lib\\site-packages\\minium\\miniprogram\\base_driver\\page\\page.py\", line 363, in get_element\n    return self.get_element_by_xpath(\n           ~~~~~~~~~~~~~~~~~~~~~~~~~^\n        _selector,\n        ^^^^^^^^^^\n        max_timeout=max_timeout,\n        ^^^^^^^^^^^^^^^^^^^^^^^^\n        auto_fix=auto_fix\n        ^^^^^^^^^^^^^^^^^\n    )\n    ^\n  File \"C:\\Users\\Mandy\\AppData\\Local\\Programs\\Python\\Python313\\Lib\\site-packages\\minium\\miniprogram\\base_driver\\minium_log.py\", line 148, in wrapper\n    result = func(*args, **kwargs)\n  File \"C:\\Users\\Mandy\\AppData\\Local\\Programs\\Python\\Python313\\Lib\\site-packages\\minium\\miniprogram\\base_driver\\page\\page.py\", line 613, in get_element_by_xpath\n    raise MiniElementNotFoundError(_selector)\nminium.framework.exception.MiniElementNotFoundError: element[/view/scroll-view/view/view[3]/view[1]/view[2]/view[2]/view/view[1]/view[3]/view[2]/view[1]] not found\n"
        },
        {
            "module": "MyTest",
            "error_type": "test_case",
            "case_name": "test_my_credit_card",
            "exception": "Traceback (most recent call last):\n  File \"C:\\Users\\Mandy\\AppData\\Local\\Programs\\Python\\Python313\\Lib\\site-packages\\minium\\framework\\libs\\unittest\\case.py\", line 43, in testPartExecutor\n    yield\n  File \"C:\\Users\\Mandy\\AppData\\Local\\Programs\\Python\\Python313\\Lib\\site-packages\\minium\\framework\\libs\\unittest\\case.py\", line 125, in run\n    self._callTestMethod(testMethod)\n    ~~~~~~~~~~~~~~~~~~~~^^^^^^^^^^^^\n  File \"C:\\Users\\Mandy\\AppData\\Local\\Programs\\Python\\Python313\\Lib\\site-packages\\minium\\framework\\minitest.py\", line 789, in _callTestMethod\n    method()\n    ~~~~~~^^\n  File \"D:\\FreeTrust\\FreeU_WX_Minium\\test\\test_my_page.py\", line 114, in test_my_credit_card\n    h5_page.wait_for_selector(home_user_credit_search_element, timeout=max_timeout)\n    ~~~~~~~~~~~~~~~~~~~~~~~~~^^^^^^^^^^^^^^^^^^^^^^^^^^^^^^^^^^^^^^^^^^^^^^^^^^^^^^\n  File \"C:\\Users\\Mandy\\AppData\\Local\\Programs\\Python\\Python313\\Lib\\site-packages\\playwright\\sync_api\\_generated.py\", line 8213, in wait_for_selector\n    self._sync(\n    ~~~~~~~~~~^\n        self._impl_obj.wait_for_selector(\n        ^^^^^^^^^^^^^^^^^^^^^^^^^^^^^^^^^\n            selector=selector, timeout=timeout, state=state, strict=strict\n            ^^^^^^^^^^^^^^^^^^^^^^^^^^^^^^^^^^^^^^^^^^^^^^^^^^^^^^^^^^^^^^\n        )\n        ^\n    )\n    ^\n  File \"C:\\Users\\Mandy\\AppData\\Local\\Programs\\Python\\Python313\\Lib\\site-packages\\playwright\\_impl\\_sync_base.py\", line 115, in _sync\n    return task.result()\n           ~~~~~~~~~~~^^\n  File \"C:\\Users\\Mandy\\AppData\\Local\\Programs\\Python\\Python313\\Lib\\site-packages\\playwright\\_impl\\_page.py\", line 419, in wait_for_selector\n    return await self._main_frame.wait_for_selector(**locals_to_params(locals()))\n           ^^^^^^^^^^^^^^^^^^^^^^^^^^^^^^^^^^^^^^^^^^^^^^^^^^^^^^^^^^^^^^^^^^^^^^\n  File \"C:\\Users\\Mandy\\AppData\\Local\\Programs\\Python\\Python313\\Lib\\site-packages\\playwright\\_impl\\_frame.py\", line 369, in wait_for_selector\n    await self._channel.send(\n        \"waitForSelector\", self._timeout, locals_to_params(locals())\n    )\n  File \"C:\\Users\\Mandy\\AppData\\Local\\Programs\\Python\\Python313\\Lib\\site-packages\\playwright\\_impl\\_connection.py\", line 69, in send\n    return await self._connection.wrap_api_call(\n           ^^^^^^^^^^^^^^^^^^^^^^^^^^^^^^^^^^^^^\n    ...<3 lines>...\n    )\n    ^\n  File \"C:\\Users\\Mandy\\AppData\\Local\\Programs\\Python\\Python313\\Lib\\site-packages\\playwright\\_impl\\_connection.py\", line 559, in wrap_api_call\n    raise rewrite_error(error, f\"{parsed_st['apiName']}: {error}\") from None\nplaywright._impl._errors.TimeoutError: Page.wait_for_selector: Timeout 10ms exceeded.\nCall log:\n  - waiting for locator(\"uni-view[class='search-container']\") to be visible\n\n"
        }
    ],
    "failures": [
        {
            "module": "HomeTest",
            "error_type": "test_case",
            "case_name": "test_home_status_change",
            "exception": "Traceback (most recent call last):\n  File \"C:\\Users\\Mandy\\AppData\\Local\\Programs\\Python\\Python313\\Lib\\site-packages\\minium\\framework\\libs\\unittest\\case.py\", line 43, in testPartExecutor\n    yield\n  File \"C:\\Users\\Mandy\\AppData\\Local\\Programs\\Python\\Python313\\Lib\\site-packages\\minium\\framework\\libs\\unittest\\case.py\", line 125, in run\n    self._callTestMethod(testMethod)\n    ~~~~~~~~~~~~~~~~~~~~^^^^^^^^^^^^\n  File \"C:\\Users\\Mandy\\AppData\\Local\\Programs\\Python\\Python313\\Lib\\site-packages\\minium\\framework\\minitest.py\", line 789, in _callTestMethod\n    method()\n    ~~~~~~^^\n  File \"D:\\FreeTrust\\FreeU_WX_Minium\\test\\test_home_page.py\", line 209, in test_home_status_change\n    assert current_status.text == home_tab_title_friendship_name,f\"\u5e7f\u573a\u72b6\u6001\u5207\u6362\u5931\u8d25\"\n           ^^^^^^^^^^^^^^^^^^^^^^^^^^^^^^^^^^^^^^^^^^^^^^^^^^^^^\nAssertionError: \u5e7f\u573a\u72b6\u6001\u5207\u6362\u5931\u8d25\n"
        },
        {
            "module": "MyTest",
            "error_type": "test_case",
            "case_name": "test_my_mood_card",
            "exception": "Traceback (most recent call last):\n  File \"C:\\Users\\Mandy\\AppData\\Local\\Programs\\Python\\Python313\\Lib\\site-packages\\minium\\framework\\libs\\unittest\\case.py\", line 43, in testPartExecutor\n    yield\n  File \"C:\\Users\\Mandy\\AppData\\Local\\Programs\\Python\\Python313\\Lib\\site-packages\\minium\\framework\\libs\\unittest\\case.py\", line 125, in run\n    self._callTestMethod(testMethod)\n    ~~~~~~~~~~~~~~~~~~~~^^^^^^^^^^^^\n  File \"C:\\Users\\Mandy\\AppData\\Local\\Programs\\Python\\Python313\\Lib\\site-packages\\minium\\framework\\minitest.py\", line 789, in _callTestMethod\n    method()\n    ~~~~~~^^\n  File \"D:\\FreeTrust\\FreeU_WX_Minium\\test\\test_my_page.py\", line 45, in test_my_mood_card\n    assert len(mood_swiper_list) == 3,f\"\u5fc3\u60c5\u540d\u7247\u6570\u91cf !=3\uff0c\u8bf7\u624b\u52a8\u68c0\u67e5\"\n           ^^^^^^^^^^^^^^^^^^^^^^^^^^\nAssertionError: \u5fc3\u60c5\u540d\u7247\u6570\u91cf !=3\uff0c\u8bf7\u624b\u52a8\u68c0\u67e5\n"
        },
        {
            "module": "HomeTest",
            "error_type": "test_case",
            "case_name": "test_home_status_change",
            "exception": "Traceback (most recent call last):\n  File \"C:\\Users\\Mandy\\AppData\\Local\\Programs\\Python\\Python313\\Lib\\site-packages\\minium\\framework\\libs\\unittest\\case.py\", line 43, in testPartExecutor\n    yield\n  File \"C:\\Users\\Mandy\\AppData\\Local\\Programs\\Python\\Python313\\Lib\\site-packages\\minium\\framework\\libs\\unittest\\case.py\", line 125, in run\n    self._callTestMethod(testMethod)\n    ~~~~~~~~~~~~~~~~~~~~^^^^^^^^^^^^\n  File \"C:\\Users\\Mandy\\AppData\\Local\\Programs\\Python\\Python313\\Lib\\site-packages\\minium\\framework\\minitest.py\", line 789, in _callTestMethod\n    method()\n    ~~~~~~^^\n  File \"D:\\FreeTrust\\FreeU_WX_Minium\\test\\test_home_page.py\", line 209, in test_home_status_change\n    assert current_status.text == home_tab_title_friendship_name,f\"\u5e7f\u573a\u72b6\u6001\u5207\u6362\u5931\u8d25\"\n           ^^^^^^^^^^^^^^^^^^^^^^^^^^^^^^^^^^^^^^^^^^^^^^^^^^^^^\nAssertionError: \u5e7f\u573a\u72b6\u6001\u5207\u6362\u5931\u8d25\n"
        },
        {
            "module": "MyTest",
            "error_type": "test_case",
            "case_name": "test_my_mood_card",
            "exception": "Traceback (most recent call last):\n  File \"C:\\Users\\Mandy\\AppData\\Local\\Programs\\Python\\Python313\\Lib\\site-packages\\minium\\framework\\libs\\unittest\\case.py\", line 43, in testPartExecutor\n    yield\n  File \"C:\\Users\\Mandy\\AppData\\Local\\Programs\\Python\\Python313\\Lib\\site-packages\\minium\\framework\\libs\\unittest\\case.py\", line 125, in run\n    self._callTestMethod(testMethod)\n    ~~~~~~~~~~~~~~~~~~~~^^^^^^^^^^^^\n  File \"C:\\Users\\Mandy\\AppData\\Local\\Programs\\Python\\Python313\\Lib\\site-packages\\minium\\framework\\minitest.py\", line 789, in _callTestMethod\n    method()\n    ~~~~~~^^\n  File \"D:\\FreeTrust\\FreeU_WX_Minium\\test\\test_my_page.py\", line 45, in test_my_mood_card\n    assert len(mood_swiper_list) == 3,f\"\u5fc3\u60c5\u540d\u7247\u6570\u91cf !=3\uff0c\u8bf7\u624b\u52a8\u68c0\u67e5\"\n           ^^^^^^^^^^^^^^^^^^^^^^^^^^\nAssertionError: \u5fc3\u60c5\u540d\u7247\u6570\u91cf !=3\uff0c\u8bf7\u624b\u52a8\u68c0\u67e5\n"
        }
    ],
    "class_errors": [],
    "class_failures": []
}